1614089587088	geckodriver	INFO	Listening on 127.0.0.1:34813
1614089588106	mozrunner::runner	INFO	Running command: "/usr/bin/firefox" "--marionette" "-foreground" "-no-remote" "-profile" "/tmp/rust_mozprofilebVk2UY"
console.warn: SearchSettings: "get: No settings file exists, new profile?" (new Error("", "(unknown module)"))
console.warn: SearchSettings: "get: No settings file exists, new profile?" (new Error("", "(unknown module)"))
1614089591182	Marionette	INFO	Listening on port 42817
1614089591278	Marionette	WARN	TLS certificate errors will be ignored for this session
1614089591313	Marionette	ERROR	[15] No reply from Marionette:Register
1614089603077	Marionette	INFO	Stopped listening on port 42817

###!!! [Parent][RunMessage] Error: Channel closing: too late to send/recv, messages will be lost

1614089644978	geckodriver	INFO	Listening on 127.0.0.1:39323
1614089645994	mozrunner::runner	INFO	Running command: "/usr/bin/firefox" "--marionette" "-foreground" "-no-remote" "-profile" "/tmp/rust_mozprofileuXeq2p"
console.warn: SearchSettings: "get: No settings file exists, new profile?" (new Error("", "(unknown module)"))
console.warn: SearchSettings: "get: No settings file exists, new profile?" (new Error("", "(unknown module)"))
1614089649131	Marionette	INFO	Listening on port 43099
1614089649250	Marionette	WARN	TLS certificate errors will be ignored for this session
1614089649284	Marionette	ERROR	[18] No reply from Marionette:Register
1614089674422	Marionette	INFO	Stopped listening on port 43099
1614089905704	geckodriver	INFO	Listening on 127.0.0.1:56591
1614089905708	mozrunner::runner	INFO	Running command: "/usr/bin/firefox" "--marionette" "-foreground" "-no-remote" "-profile" "/tmp/rust_mozprofileie6Tmk"
console.warn: SearchSettings: "get: No settings file exists, new profile?" (new Error("", "(unknown module)"))
console.warn: SearchSettings: "get: No settings file exists, new profile?" (new Error("", "(unknown module)"))
1614089908558	Marionette	INFO	Listening on port 46607
1614089908661	Marionette	WARN	TLS certificate errors will be ignored for this session
1614089908680	Marionette	ERROR	[15] No reply from Marionette:Register
JavaScript error: resource://activity-stream/lib/ASRouter.jsm, line 987: NS_ERROR_ILLEGAL_VALUE: Component returned failure code: 0x80070057 (NS_ERROR_ILLEGAL_VALUE) [nsIObserverService.removeObserver]
console.error: services.settings: 
  main/partitioning-exempt-urls Signature failed  TypeError: NetworkError when attempting to fetch resource.
console.error: services.settings: 
  main/fxmonitor-breaches Signature failed  TypeError: NetworkError when attempting to fetch resource.
console.error: services.settings: 
  main/message-groups Signature failed  TypeError: NetworkError when attempting to fetch resource.
JavaScript error: , line 0: AbortError: A request was aborted, for example through a call to IDBTransaction.abort.
1614089952831	Marionette	INFO	Stopped listening on port 46607
